2024-04-28T23:32:31.391Z 0: 

----------------------------------------------
2024-04-28T23:32:31.415Z 1: Discord starting: {"releaseChannel":"stable","version":"0.0.51"}, modulepath: /home/ash/.config/discord/0.0.51/modules
2024-04-28T23:32:31.419Z 2: ✅ webContents.created web1 ""
2024-04-28T23:32:31.421Z 3: ✅ window.created win1 "discord"
2024-04-28T23:32:31.789Z 4: ✅ webContents.did-finish-load web1
2024-04-28T23:32:54.813Z 5: ✅ webContents.created web2 ""
2024-04-28T23:32:54.832Z 6: ✅ window.created win2 "Discord"
2024-04-28T23:32:57.494Z 7: ✅ webContents.did-finish-load web2
2024-04-28T23:32:57.593Z 8: window.close win1
2024-04-28T23:32:57.617Z 9: webContents.destroyed web1
2024-04-28T23:32:57.619Z 10: window.closed win1
2024-04-28T23:35:47.289Z 11: window.close win2
2024-04-28T23:35:47.291Z 12: window.close win2
2024-04-29T06:16:41.198Z 0: 

----------------------------------------------
2024-04-29T06:16:41.218Z 1: Discord starting: {"releaseChannel":"stable","version":"0.0.51"}, modulepath: /home/ash/.config/discord/0.0.51/modules
2024-04-29T06:16:41.236Z 2: ✅ webContents.created web1 ""
2024-04-29T06:16:41.239Z 3: ✅ window.created win1 "discord"
2024-04-29T06:16:41.558Z 4: ✅ webContents.did-finish-load web1
2024-04-29T06:16:42.190Z 5: ✅ webContents.created web2 ""
2024-04-29T06:16:42.202Z 6: ✅ window.created win2 "Discord"
2024-04-29T06:16:44.909Z 7: ✅ webContents.did-finish-load web2
2024-04-29T06:16:45.009Z 8: window.close win1
2024-04-29T06:16:45.018Z 9: webContents.destroyed web1
2024-04-29T06:16:45.019Z 10: window.closed win1
2024-04-29T13:53:57.373Z 11: before-quit
