2024-05-14 06:03:58 Loading main app package /usr/lib/obsidian/obsidian.asar
2024-05-14 06:03:59 Checking for update using Github
2024-05-14 06:03:59 Success.
2024-05-14 06:03:59 Latest version is 1.5.12
2024-05-14 06:03:59 App is up to date.
2024-05-14 06:04:23 Loading main app package /usr/lib/obsidian/obsidian.asar
2024-05-14 06:04:24 Checking for update using Github
2024-05-14 06:04:24 Success.
2024-05-14 06:04:24 Latest version is 1.5.12
2024-05-14 06:04:24 App is up to date.
2024-05-14 07:04:23 Checking for update using Github
2024-05-14 07:04:24 Success.
2024-05-14 07:04:24 Latest version is 1.5.12
2024-05-14 07:04:24 App is up to date.
2024-05-14 13:34:11 Loading main app package /usr/lib/obsidian/obsidian.asar
2024-05-14 13:34:12 Checking for update using Github
2024-05-14 13:34:12 Success.
2024-05-14 13:34:12 Latest version is 1.5.12
2024-05-14 13:34:12 App is up to date.
2024-05-14 14:34:11 Checking for update using Github
2024-05-14 14:34:12 Success.
2024-05-14 14:34:12 Latest version is 1.5.12
2024-05-14 14:34:12 App is up to date.
2024-05-14 15:34:11 Checking for update using Github
2024-05-14 15:34:12 Success.
2024-05-14 15:34:12 Latest version is 1.5.12
2024-05-14 15:34:12 App is up to date.
2024-05-14 15:51:21 Loading main app package /usr/lib/obsidian/obsidian.asar
2024-05-14 15:51:22 Checking for update using Github
2024-05-14 15:51:22 Success.
2024-05-14 15:51:22 Latest version is 1.5.12
2024-05-14 15:51:22 App is up to date.
2024-05-14 15:52:01 Loading main app package /usr/lib/obsidian/obsidian.asar
2024-05-14 15:52:01 Checking for update using Github
2024-05-14 15:52:17 Loading main app package /usr/lib/obsidian/obsidian.asar
2024-05-14 15:52:17 Checking for update using Github
2024-05-14 15:52:17 Success.
2024-05-14 15:52:17 Latest version is 1.5.12
2024-05-14 15:52:17 App is up to date.
2024-05-14 16:52:17 Checking for update using Github
2024-05-14 16:52:17 Success.
2024-05-14 16:52:17 Latest version is 1.5.12
2024-05-14 16:52:17 App is up to date.
2024-05-14 17:52:17 Checking for update using Github
2024-05-14 17:52:18 Success.
2024-05-14 17:52:18 Latest version is 1.5.12
2024-05-14 17:52:18 App is up to date.
2024-05-14 18:52:17 Checking for update using Github
2024-05-14 18:52:18 Success.
2024-05-14 18:52:18 Latest version is 1.5.12
2024-05-14 18:52:18 App is up to date.
2024-05-14 19:52:17 Checking for update using Github
2024-05-14 19:52:18 Success.
2024-05-14 19:52:18 Latest version is 1.5.12
2024-05-14 19:52:18 App is up to date.
2024-05-14 20:52:17 Checking for update using Github
2024-05-14 20:52:18 Success.
2024-05-14 20:52:18 Latest version is 1.5.12
2024-05-14 20:52:18 App is up to date.
2024-05-14 21:52:17 Checking for update using Github
2024-05-14 21:52:18 Success.
2024-05-14 21:52:18 Latest version is 1.5.12
2024-05-14 21:52:18 App is up to date.
2024-05-17 13:53:21 Loading main app package /usr/lib/obsidian/obsidian.asar
2024-05-17 13:53:22 Checking for update using Github
2024-05-17 13:53:23 Success.
2024-05-17 13:53:23 Latest version is 1.5.12
2024-05-17 13:53:23 App is up to date.
2024-05-17 14:38:51 Loading main app package /usr/lib/obsidian/obsidian.asar
2024-05-17 14:38:51 Checking for update using Github
2024-05-17 14:38:52 Success.
2024-05-17 14:38:52 Latest version is 1.5.12
2024-05-17 14:38:52 App is up to date.
2024-05-17 14:54:19 Loading main app package /usr/lib/obsidian/obsidian.asar
2024-05-17 14:54:20 Checking for update using Github
2024-05-17 14:54:20 Success.
2024-05-17 14:54:20 Latest version is 1.5.12
2024-05-17 14:54:20 App is up to date.
2024-05-17 19:24:23 Loading main app package /usr/lib/obsidian/obsidian.asar
2024-05-17 19:24:23 Checking for update using Github
2024-05-17 19:24:24 Success.
2024-05-17 19:24:24 Latest version is 1.5.12
2024-05-17 19:24:24 App is up to date.
2024-05-18 05:53:41 Loading main app package /usr/lib/obsidian/obsidian.asar
2024-05-18 05:53:41 Checking for update using Github
2024-05-18 05:53:42 Success.
2024-05-18 05:53:42 Latest version is 1.5.12
2024-05-18 05:53:42 App is up to date.
2024-05-18 05:54:50 Loading main app package /usr/lib/obsidian/obsidian.asar
2024-05-18 05:54:50 Checking for update using Github
2024-05-18 05:54:50 Success.
2024-05-18 05:54:50 Latest version is 1.5.12
2024-05-18 05:54:50 App is up to date.
2024-05-18 06:01:00 Loading main app package /usr/lib/obsidian/obsidian.asar
2024-05-18 06:01:01 Checking for update using Github
2024-05-18 06:01:02 Success.
2024-05-18 06:01:02 Latest version is 1.5.12
2024-05-18 06:01:02 App is up to date.
2024-05-18 09:28:39 Loading main app package /usr/lib/obsidian/obsidian.asar
2024-05-18 09:28:40 Checking for update using Github
2024-05-18 09:28:40 Success.
2024-05-18 09:28:40 Latest version is 1.5.12
2024-05-18 09:28:40 App is up to date.
2024-05-18 09:46:43 Loading main app package /usr/lib/obsidian/obsidian.asar
2024-05-18 09:46:43 Checking for update using Github
2024-05-18 09:46:44 Success.
2024-05-18 09:46:44 Latest version is 1.5.12
2024-05-18 09:46:44 App is up to date.
2024-05-18 09:48:23 Loading main app package /usr/lib/obsidian/obsidian.asar
2024-05-18 09:48:24 Checking for update using Github
2024-05-18 09:48:24 Success.
2024-05-18 09:48:24 Latest version is 1.5.12
2024-05-18 09:48:24 App is up to date.
2024-05-18 09:51:29 Loading main app package /usr/lib/obsidian/obsidian.asar
2024-05-18 09:51:29 Checking for update using Github
2024-05-18 09:51:29 Success.
2024-05-18 09:51:29 Latest version is 1.5.12
2024-05-18 09:51:29 App is up to date.
2024-05-18 09:52:24 Loading main app package /usr/lib/obsidian/obsidian.asar
2024-05-18 09:52:24 Checking for update using Github
2024-05-18 09:52:25 Success.
2024-05-18 09:52:25 Latest version is 1.5.12
2024-05-18 09:52:25 App is up to date.
2024-05-18 09:54:06 Loading main app package /usr/lib/obsidian/obsidian.asar
2024-05-18 09:54:06 Checking for update using Github
2024-05-18 09:54:06 Success.
2024-05-18 09:54:06 Latest version is 1.5.12
2024-05-18 09:54:06 App is up to date.
2024-05-18 09:55:28 Loading main app package /usr/lib/obsidian/obsidian.asar
2024-05-18 09:55:28 Checking for update using Github
2024-05-18 09:55:28 Success.
2024-05-18 09:55:28 Latest version is 1.5.12
2024-05-18 09:55:28 App is up to date.
2024-05-18 10:02:05 Loading main app package /usr/lib/obsidian/obsidian.asar
2024-05-18 10:02:06 Checking for update using Github
2024-05-18 10:02:06 Success.
2024-05-18 10:02:06 Latest version is 1.5.12
2024-05-18 10:02:06 App is up to date.
2024-05-18 10:06:05 Loading main app package /usr/lib/obsidian/obsidian.asar
2024-05-18 10:06:05 Checking for update using Github
2024-05-18 10:06:05 Success.
2024-05-18 10:06:05 Latest version is 1.5.12
2024-05-18 10:06:05 App is up to date.
2024-05-18 10:10:44 Loading main app package /usr/lib/obsidian/obsidian.asar
2024-05-18 10:10:44 Checking for update using Github
2024-05-18 10:10:45 Success.
2024-05-18 10:10:45 Latest version is 1.5.12
2024-05-18 10:10:45 App is up to date.
2024-05-18 10:18:40 Loading main app package /usr/lib/obsidian/obsidian.asar
2024-05-18 10:18:40 Checking for update using Github
2024-05-18 10:18:41 Success.
2024-05-18 10:18:41 Latest version is 1.5.12
2024-05-18 10:18:41 App is up to date.
2024-05-18 10:28:22 Loading main app package /usr/lib/obsidian/obsidian.asar
2024-05-18 10:28:23 Checking for update using Github
2024-05-18 10:28:24 Success.
2024-05-18 10:28:24 Latest version is 1.5.12
2024-05-18 10:28:24 App is up to date.
2024-05-18 14:32:43 Loading main app package /usr/lib/obsidian/obsidian.asar
2024-05-18 14:32:44 Checking for update using Github
2024-05-18 14:32:44 Success.
2024-05-18 14:32:44 Latest version is 1.5.12
2024-05-18 14:32:44 App is up to date.
2024-05-18 14:34:39 Loading main app package /usr/lib/obsidian/obsidian.asar
2024-05-18 14:34:39 Checking for update using Github
2024-05-18 14:35:09 Loading main app package /usr/lib/obsidian/obsidian.asar
2024-05-18 14:35:09 Checking for update using Github
2024-05-22 06:24:35 Loading main app package /usr/lib/obsidian/obsidian.asar
2024-05-22 06:24:36 Checking for update using Github
2024-05-22 06:24:41 Success.
2024-05-22 06:24:41 Latest version is 1.5.12
2024-05-22 06:24:41 App is up to date.
2024-05-22 06:46:55 Loading main app package /usr/lib/obsidian/obsidian.asar
2024-05-22 06:46:56 Checking for update using Github
2024-05-22 06:46:56 Success.
2024-05-22 06:46:56 Latest version is 1.5.12
2024-05-22 06:46:56 App is up to date.
2024-05-24 18:27:50 Loading main app package /usr/lib/obsidian/obsidian.asar
2024-05-24 18:27:51 Checking for update using Github
2024-05-24 18:27:51 Success.
2024-05-24 18:27:51 Latest version is 1.5.12
2024-05-24 18:27:51 App is up to date.
2024-05-24 18:30:09 Loading main app package /usr/lib/obsidian/obsidian.asar
2024-05-24 18:30:09 Checking for update using Github
2024-05-24 18:30:09 Success.
2024-05-24 18:30:09 Latest version is 1.5.12
2024-05-24 18:30:09 App is up to date.
2024-05-24 19:30:23 Checking for update using Github
2024-05-24 19:30:24 Success.
2024-05-24 19:30:24 Latest version is 1.5.12
2024-05-24 19:30:24 App is up to date.
2024-05-24 20:30:23 Checking for update using Github
2024-05-24 20:30:23 Success.
2024-05-24 20:30:23 Latest version is 1.5.12
2024-05-24 20:30:23 App is up to date.
2024-05-26 10:58:09 Loading main app package /usr/lib/obsidian/obsidian.asar
2024-05-26 10:58:09 Checking for update using Github
2024-05-26 10:58:10 Success.
2024-05-26 10:58:10 Latest version is 1.5.12
2024-05-26 10:58:10 App is up to date.
2024-05-26 16:11:04 Checking for update using Github
2024-05-26 16:11:05 Success.
2024-05-26 16:11:05 Latest version is 1.5.12
2024-05-26 16:11:05 App is up to date.
2024-05-26 17:11:05 Checking for update using Github
2024-05-26 17:11:06 Success.
2024-05-26 17:11:06 Latest version is 1.5.12
2024-05-26 17:11:06 App is up to date.
2024-05-26 18:11:05 Checking for update using Github
2024-05-26 18:11:05 Success.
2024-05-26 18:11:05 Latest version is 1.5.12
2024-05-26 18:11:05 App is up to date.
2024-05-26 19:11:05 Checking for update using Github
2024-05-26 19:11:06 Success.
2024-05-26 19:11:06 Latest version is 1.5.12
2024-05-26 19:11:06 App is up to date.
2024-05-26 20:11:05 Checking for update using Github
2024-05-26 20:11:05 Success.
2024-05-26 20:11:05 Latest version is 1.5.12
2024-05-26 20:11:05 App is up to date.
2024-05-26 21:11:05 Checking for update using Github
2024-05-26 21:11:05 Success.
2024-05-26 21:11:05 Latest version is 1.5.12
2024-05-26 21:11:05 App is up to date.
2024-05-26 22:11:05 Checking for update using Github
2024-05-26 22:11:05 Success.
2024-05-26 22:11:05 Latest version is 1.5.12
2024-05-26 22:11:05 App is up to date.
2024-05-26 23:11:05 Checking for update using Github
2024-05-26 23:11:05 Success.
2024-05-26 23:11:05 Latest version is 1.5.12
2024-05-26 23:11:05 App is up to date.
2024-05-27 13:55:28 Loading main app package /usr/lib/obsidian/obsidian.asar
2024-05-27 13:55:28 Loading main app package /usr/lib/obsidian/obsidian.asar
2024-05-27 13:55:32 Checking for update using Github
2024-05-27 13:55:33 Failed to check for update using Github (net::ERR_INTERNET_DISCONNECTED)
2024-05-27 13:55:33 Checking for update using obsidian.md
2024-05-27 13:55:33 Failed to check for update using obsidian.md (net::ERR_INTERNET_DISCONNECTED)
2024-05-27 13:55:33 Checking for update using Github
2024-05-27 14:17:48 Loading main app package /usr/lib/obsidian/obsidian.asar
2024-05-27 14:17:49 Checking for update using Github
2024-05-27 14:17:49 Success.
2024-05-27 14:17:49 Latest version is 1.5.12
2024-05-27 14:17:49 App is up to date.
2024-05-27 14:28:03 Loading main app package /usr/lib/obsidian/obsidian.asar
2024-05-27 14:28:03 Checking for update using Github
2024-05-27 14:28:04 Success.
2024-05-27 14:28:04 Latest version is 1.5.12
2024-05-27 14:28:04 App is up to date.
2024-05-27 15:28:03 Checking for update using Github
2024-05-27 15:28:03 Success.
2024-05-27 15:28:03 Latest version is 1.5.12
2024-05-27 15:28:03 App is up to date.
2024-05-27 16:42:48 Checking for update using Github
2024-05-27 16:42:48 Success.
2024-05-27 16:42:48 Latest version is 1.5.12
2024-05-27 16:42:48 App is up to date.
2024-05-27 17:42:48 Checking for update using Github
2024-05-27 17:42:48 Success.
2024-05-27 17:42:48 Latest version is 1.5.12
2024-05-27 17:42:48 App is up to date.
2024-05-27 18:42:48 Checking for update using Github
2024-05-27 18:42:48 Success.
2024-05-27 18:42:48 Latest version is 1.5.12
2024-05-27 18:42:48 App is up to date.
2024-05-27 19:42:48 Checking for update using Github
2024-05-27 19:42:49 Success.
2024-05-27 19:42:49 Latest version is 1.5.12
2024-05-27 19:42:49 App is up to date.
2024-05-28 09:19:40 Loading main app package /usr/lib/obsidian/obsidian.asar
2024-05-28 09:19:41 Checking for update using Github
2024-05-28 09:19:41 Success.
2024-05-28 09:19:41 Latest version is 1.5.12
2024-05-28 09:19:41 App is up to date.
2024-05-28 10:19:40 Checking for update using Github
2024-05-28 10:19:41 Success.
2024-05-28 10:19:41 Latest version is 1.5.12
2024-05-28 10:19:41 App is up to date.
2024-05-28 11:19:40 Checking for update using Github
2024-05-28 11:19:41 Success.
2024-05-28 11:19:41 Latest version is 1.5.12
2024-05-28 11:19:41 App is up to date.
2024-05-29 08:23:56 Checking for update using Github
2024-05-29 08:23:56 Failed to check for update using Github (net::ERR_INTERNET_DISCONNECTED)
2024-05-29 08:23:56 Checking for update using obsidian.md
2024-05-29 08:23:56 Failed to check for update using obsidian.md (net::ERR_INTERNET_DISCONNECTED)
2024-05-29 09:57:48 Checking for update using Github
2024-05-29 09:57:48 Success.
2024-05-29 09:57:48 Latest version is 1.5.12
2024-05-29 09:57:48 App is up to date.
2024-05-29 10:57:48 Checking for update using Github
2024-05-29 10:57:53 Success.
2024-05-29 10:57:53 Latest version is 1.5.12
2024-05-29 10:57:53 App is up to date.
2024-05-29 12:14:12 Checking for update using Github
2024-05-30 03:08:38 Loading main app package /usr/lib/obsidian/obsidian.asar
2024-05-30 03:08:38 Checking for update using Github
2024-05-30 03:08:38 Success.
2024-05-30 03:08:38 Latest version is 1.5.12
2024-05-30 03:08:38 App is up to date.
2024-05-30 04:08:38 Checking for update using Github
2024-05-30 04:08:38 Success.
2024-05-30 04:08:38 Latest version is 1.5.12
2024-05-30 04:08:38 App is up to date.
2024-05-30 09:32:20 Checking for update using Github
2024-05-30 09:32:21 Success.
2024-05-30 09:32:21 Latest version is 1.5.12
2024-05-30 09:32:21 App is up to date.
2024-05-30 10:32:22 Checking for update using Github
2024-05-30 10:32:22 Success.
2024-05-30 10:32:22 Latest version is 1.5.12
2024-05-30 10:32:22 App is up to date.
2024-05-30 11:32:22 Checking for update using Github
2024-05-30 11:32:22 Success.
2024-05-30 11:32:22 Latest version is 1.5.12
2024-05-30 11:32:22 App is up to date.
2024-05-30 12:32:22 Checking for update using Github
2024-05-30 12:32:22 Success.
2024-05-30 12:32:22 Latest version is 1.5.12
2024-05-30 12:32:22 App is up to date.
2024-05-30 13:32:22 Checking for update using Github
2024-05-30 13:32:22 Success.
2024-05-30 13:32:22 Latest version is 1.5.12
2024-05-30 13:32:22 App is up to date.
2024-05-30 15:44:29 Checking for update using Github
2024-05-30 15:44:29 Success.
2024-05-30 15:44:29 Latest version is 1.5.12
2024-05-30 15:44:29 App is up to date.
2024-05-30 18:45:22 Checking for update using Github
2024-05-30 18:45:22 Success.
2024-05-30 18:45:22 Latest version is 1.5.12
2024-05-30 18:45:22 App is up to date.
2024-05-30 19:45:22 Checking for update using Github
2024-05-30 19:45:22 Success.
2024-05-30 19:45:22 Latest version is 1.5.12
2024-05-30 19:45:22 App is up to date.
2024-05-30 20:45:22 Checking for update using Github
2024-05-30 20:45:23 Success.
2024-05-30 20:45:23 Latest version is 1.5.12
2024-05-30 20:45:23 App is up to date.
2024-05-30 21:45:22 Checking for update using Github
2024-05-30 21:45:22 Success.
2024-05-30 21:45:22 Latest version is 1.5.12
2024-05-30 21:45:22 App is up to date.
2024-05-31 15:42:50 Checking for update using Github
2024-05-31 15:42:50 Success.
2024-05-31 15:42:50 Latest version is 1.5.12
2024-05-31 15:42:50 App is up to date.
2024-05-31 16:42:50 Checking for update using Github
2024-05-31 16:42:50 Success.
2024-05-31 16:42:50 Latest version is 1.5.12
2024-05-31 16:42:50 App is up to date.
2024-05-31 17:42:50 Checking for update using Github
2024-05-31 17:42:56 Success.
2024-05-31 17:42:56 Latest version is 1.5.12
2024-05-31 17:42:56 App is up to date.
2024-05-31 18:42:50 Checking for update using Github
2024-05-31 18:42:50 Success.
2024-05-31 18:42:50 Latest version is 1.5.12
2024-05-31 18:42:50 App is up to date.
2024-05-31 19:09:04 Loading main app package /usr/lib/obsidian/obsidian.asar
2024-05-31 19:09:06 Checking for update using Github
2024-05-31 19:09:06 Success.
2024-05-31 19:09:06 Latest version is 1.5.12
2024-05-31 19:09:06 App is up to date.
2024-05-31 20:09:05 Checking for update using Github
2024-05-31 20:09:05 Success.
2024-05-31 20:09:05 Latest version is 1.5.12
2024-05-31 20:09:05 App is up to date.
2024-06-08 16:14:28 Loading main app package /usr/lib/obsidian/obsidian.asar
2024-06-08 16:14:29 Checking for update using Github
2024-06-08 16:14:29 Success.
2024-06-08 16:14:29 Latest version is 1.6.2
2024-06-08 16:14:29 Downloading update from https://github.com/obsidianmd/obsidian-releases/releases/download/v1.6.2/obsidian-1.6.2.asar.gz
2024-06-08 16:14:29 Failed to perform update
2024-06-09 13:59:02 Loading main app package /usr/lib/obsidian/obsidian.asar
2024-06-09 13:59:02 Checking for update using Github
2024-06-09 13:59:02 Failed to check for update using Github (net::ERR_INTERNET_DISCONNECTED)
2024-06-09 13:59:02 Checking for update using obsidian.md
2024-06-09 13:59:02 Failed to check for update using obsidian.md (net::ERR_INTERNET_DISCONNECTED)
2024-06-10 12:42:48 Loading main app package /usr/lib/obsidian/obsidian.asar
2024-06-10 12:42:49 Checking for update using Github
2024-06-10 12:42:49 Success.
2024-06-10 12:42:49 Latest version is 1.6.3
2024-06-10 12:42:49 Downloading update from https://github.com/obsidianmd/obsidian-releases/releases/download/v1.6.3/obsidian-1.6.3.asar.gz
2024-06-10 12:43:05 Verifying hash & signature. Size= 8794449
2024-06-10 12:43:05 Saving file
2024-06-10 12:43:05 Update complete.
2024-06-10 12:47:12 Loading updated app package /home/ash/.config/obsidian/obsidian-1.6.3.asar
2024-06-10 12:47:12 Checking for update using Github
2024-06-10 12:47:12 Success.
2024-06-10 12:47:12 Latest version is 1.6.3
2024-06-10 12:47:12 App is up to date.
2024-06-10 12:50:08 Loading updated app package /home/ash/.config/obsidian/obsidian-1.6.3.asar
2024-06-10 12:50:08 Checking for update using Github
2024-06-10 12:50:18 Loading updated app package /home/ash/.config/obsidian/obsidian-1.6.3.asar
2024-06-10 12:50:18 Checking for update using Github
2024-06-10 12:50:19 Success.
2024-06-10 12:50:19 Latest version is 1.6.3
2024-06-10 12:50:19 App is up to date.
2024-06-10 12:51:15 Loading updated app package /home/ash/.config/obsidian/obsidian-1.6.3.asar
2024-06-10 12:51:15 Checking for update using Github
2024-06-10 12:51:15 Success.
2024-06-10 12:51:15 Latest version is 1.6.3
2024-06-10 12:51:15 App is up to date.
2024-06-10 13:15:40 Loading updated app package /home/ash/.config/obsidian/obsidian-1.6.3.asar
2024-06-10 13:15:40 Checking for update using Github
2024-06-10 13:15:40 Success.
2024-06-10 13:15:40 Latest version is 1.6.3
2024-06-10 13:15:40 App is up to date.
2024-06-10 13:16:34 Loading updated app package /home/ash/.config/obsidian/obsidian-1.6.3.asar
2024-06-10 13:16:34 Checking for update using Github
2024-06-10 13:16:34 Success.
2024-06-10 13:16:34 Latest version is 1.6.3
2024-06-10 13:16:34 App is up to date.
2024-06-10 13:16:47 Loading updated app package /home/ash/.config/obsidian/obsidian-1.6.3.asar
2024-06-10 13:16:47 Checking for update using Github
2024-06-10 14:09:08 Loading updated app package /home/ash/.config/obsidian/obsidian-1.6.3.asar
2024-06-10 14:09:08 Checking for update using Github
2024-06-10 14:09:48 Failed to check for update using Github (net::ERR_NAME_NOT_RESOLVED)
2024-06-10 14:09:48 Checking for update using obsidian.md
2024-06-10 14:10:28 Failed to check for update using obsidian.md (net::ERR_NAME_NOT_RESOLVED)
2024-06-10 14:14:09 Loading updated app package /home/ash/.config/obsidian/obsidian-1.6.3.asar
2024-06-10 14:14:10 Checking for update using Github
2024-06-10 14:14:40 Loading updated app package /home/ash/.config/obsidian/obsidian-1.6.3.asar
2024-06-10 14:14:40 Checking for update using Github
2024-06-10 14:15:11 Loading updated app package /home/ash/.config/obsidian/obsidian-1.6.3.asar
2024-06-10 14:15:11 Checking for update using Github
2024-06-10 14:15:51 Failed to check for update using Github (net::ERR_NAME_NOT_RESOLVED)
2024-06-10 14:15:51 Checking for update using obsidian.md
2024-06-10 14:16:31 Failed to check for update using obsidian.md (net::ERR_NAME_NOT_RESOLVED)
2024-06-10 15:15:11 Checking for update using Github
2024-06-10 15:15:51 Failed to check for update using Github (net::ERR_NAME_NOT_RESOLVED)
2024-06-10 15:15:51 Checking for update using obsidian.md
2024-06-10 15:16:31 Failed to check for update using obsidian.md (net::ERR_NAME_NOT_RESOLVED)
2024-06-10 16:15:11 Checking for update using Github
2024-06-10 16:15:51 Failed to check for update using Github (net::ERR_NAME_NOT_RESOLVED)
2024-06-10 16:15:51 Checking for update using obsidian.md
2024-06-10 16:16:31 Failed to check for update using obsidian.md (net::ERR_NAME_NOT_RESOLVED)
2024-06-11 09:18:50 Checking for update using Github
2024-06-11 09:18:50 Success.
2024-06-11 09:18:50 Latest version is 1.6.3
2024-06-11 09:18:50 App is up to date.
2024-06-11 10:18:50 Checking for update using Github
2024-06-11 10:18:50 Success.
2024-06-11 10:18:50 Latest version is 1.6.3
2024-06-11 10:18:50 App is up to date.
2024-06-11 12:25:37 Loading updated app package /home/ash/.config/obsidian/obsidian-1.6.3.asar
2024-06-11 12:25:37 Checking for update using Github
2024-06-11 12:28:28 Loading updated app package /home/ash/.config/obsidian/obsidian-1.6.3.asar
2024-06-11 12:28:29 Checking for update using Github
2024-06-11 12:33:48 Loading updated app package /home/ash/.config/obsidian/obsidian-1.6.3.asar
2024-06-11 12:33:48 Checking for update using Github
2024-06-11 12:41:39 Loading updated app package /home/ash/.config/obsidian/obsidian-1.6.3.asar
2024-06-11 12:41:40 Checking for update using Github
2024-06-11 12:41:40 Success.
2024-06-11 12:41:40 Latest version is 1.6.3
2024-06-11 12:41:40 App is up to date.
2024-06-11 12:42:28 Loading updated app package /home/ash/.config/obsidian/obsidian-1.6.3.asar
2024-06-11 12:42:28 Checking for update using Github
2024-06-11 12:44:13 Loading updated app package /home/ash/.config/obsidian/obsidian-1.6.3.asar
2024-06-11 12:44:13 Checking for update using Github
2024-06-11 12:44:13 Success.
2024-06-11 12:44:13 Latest version is 1.6.3
2024-06-11 12:44:13 App is up to date.
2024-06-11 13:44:13 Checking for update using Github
2024-06-11 13:44:14 Success.
2024-06-11 13:44:14 Latest version is 1.6.3
2024-06-11 13:44:14 App is up to date.
2024-06-11 14:25:35 Loading updated app package /home/ash/.config/obsidian/obsidian-1.6.3.asar
2024-06-11 14:25:35 Checking for update using Github
2024-06-11 14:25:41 Success.
2024-06-11 14:25:41 Latest version is 1.6.3
2024-06-11 14:25:41 App is up to date.
2024-06-16 09:50:25 Loading updated app package /home/ash/.config/obsidian/obsidian-1.6.3.asar
2024-06-16 09:50:25 Checking for update using Github
2024-06-16 09:50:26 Success.
2024-06-16 09:50:26 Latest version is 1.6.3
2024-06-16 09:50:26 App is up to date.
2024-06-16 09:54:18 Loading updated app package /home/ash/.config/obsidian/obsidian-1.6.3.asar
2024-06-16 09:54:18 Checking for update using Github
2024-06-16 09:54:18 Success.
2024-06-16 09:54:18 Latest version is 1.6.3
2024-06-16 09:54:18 App is up to date.
