00:00:00.000968 VirtualBox DHCP Server 7.0.14 r161095 linux.amd64 (Jan 19 2024 13:54:29) release log
00:00:00.000969 Log opened 2024-04-02T03:05:01.570270000Z
00:00:00.000969 Build Type: release
00:00:00.000970 OS Product: Linux
00:00:00.000971 OS Release: 6.8.2-arch2-1
00:00:00.000971 OS Version: #1 SMP PREEMPT_DYNAMIC Thu, 28 Mar 2024 17:06:35 +0000
00:00:00.000990 DMI Product Name: Zenbook UM5401QAB_UM5401QA
00:00:00.001001 DMI Product Version: 1.0       
00:00:00.001005 Firmware type: UEFI
00:00:00.001089 Secure Boot: Disabled
00:00:00.001113 Host RAM: 15391MB (15.0GB) total, 14568MB (14.2GB) available
00:00:00.001114 Executable: /usr/lib/virtualbox/VBoxNetDHCP
00:00:00.001115 Process ID: 2276
00:00:00.001115 Package type: LINUX_64BITS_GENERIC (OSE)
00:00:00.001125 --config:  HostInterfaceNetworking-vboxnet0
00:00:00.001127 --comment: HostInterfaceNetworking-vboxnet0
00:00:00.001216 IP address:   192.168.56.100/24
00:00:00.001219 Address pool: 192.168.56.101 - 192.168.56.254
00:00:00.001234 MAC address is not specified: will use generated MAC 08:00:27:eb:54:51
00:00:00.001238 Db::i_enterFixedAddressAssignment: 08:00:27:eb:54:51: 192.168.56.100
00:00:00.001241 loading leases from /home/ash/.config/VirtualBox/HostInterfaceNetworking-vboxnet0-Dhcpd.leases
00:00:00.001347 > LOAD: EXPIRED lease 192.168.56.101 to 08:00:27:5c:92:e4, acked, valid from 2024-04-02T03:02:56Z for 600s until 2024-04-02T03:12:56Z
00:00:00.001376 SUP: Opened VMMR0.r0 (/usr/lib/virtualbox/VMMR0.r0) at 0xXXXXXXXXXXXXXXXX.
00:00:04.789463 DISCOVER xid 0x0000069e chaddr 08:00:27:5c:92:e4
00:00:04.789492  ciaddr 0.0.0.0
00:00:04.789497  params { 1 3 6 28 }
00:00:04.789506 > allocateAddress to client 08:00:27:5c:92:e4
00:00:04.789510 > ... found existing binding 192.168.56.101 to 08:00:27:5c:92:e4, acked, valid from 2024-04-02T03:02:56Z for 600s until 2024-04-02T03:12:56Z
00:00:04.789525 Lease time 600 secs (default)
00:00:04.789528 >>> requested option 1 (SubnetMask)
00:00:04.789530 ... always supplied
00:00:04.789532 >>> requested option 3 (Routers)
00:00:04.789535 ... not found
00:00:04.789536 >>> requested option 6 (DNSes)
00:00:04.789538 ... not found
00:00:04.789539 >>> requested option 28 (BroadcastAddress)
00:00:04.789541 ... not found
00:00:04.789548 encoding option 1 (SubnetMask)
00:00:04.789550 encoding option 51 (LeaseTime)
00:00:04.789552 OFFER xid 0x0000069e chaddr 08:00:27:5c:92:e4
00:00:04.789557  ciaddr 0.0.0.0 yiaddr 192.168.56.101
00:00:04.789562 encoded message: 548 bytes
00:00:04.789564 0000746eb00011e0/0000: 02 01 06 00 9e 06 00 00-00 00 00 00 00 00 00 00 ................
00:00:04.789566 0000746eb00011f0/0010: c0 a8 38 65 00 00 00 00-00 00 00 00 08 00 27 5c ..8e..........'\
00:00:04.789568 0000746eb0001200/0020: 92 e4 00 00 00 00 00 00-00 00 00 00 00 00 00 00 ................
00:00:04.789570 0000746eb0001210/0030: 00 00 00 00 00 00 00 00-00 00 00 00 00 00 00 00 ................
00:00:04.789572 0000746eb0001220/0040: 00 00 00 00 00 00 00 00-00 00 00 00 00 00 00 00 ................
00:00:04.789574 0000746eb0001230/0050: 00 00 00 00 00 00 00 00-00 00 00 00 00 00 00 00 ................
00:00:04.789576 0000746eb0001240/0060: 00 00 00 00 00 00 00 00-00 00 00 00 00 00 00 00 ................
00:00:04.789578 0000746eb0001250/0070: 00 00 00 00 00 00 00 00-00 00 00 00 00 00 00 00 ................
00:00:04.789579 0000746eb0001260/0080: 00 00 00 00 00 00 00 00-00 00 00 00 00 00 00 00 ................
00:00:04.789581 0000746eb0001270/0090: 00 00 00 00 00 00 00 00-00 00 00 00 00 00 00 00 ................
00:00:04.789583 0000746eb0001280/00a0: 00 00 00 00 00 00 00 00-00 00 00 00 00 00 00 00 ................
00:00:04.789585 0000746eb0001290/00b0: 00 00 00 00 00 00 00 00-00 00 00 00 00 00 00 00 ................
00:00:04.789587 0000746eb00012a0/00c0: 00 00 00 00 00 00 00 00-00 00 00 00 00 00 00 00 ................
00:00:04.789588 0000746eb00012b0/00d0: 00 00 00 00 00 00 00 00-00 00 00 00 00 00 00 00 ................
00:00:04.789590 0000746eb00012c0/00e0: 00 00 00 00 00 00 00 00-00 00 00 00 63 82 53 63 ............c.Sc
00:00:04.789592 0000746eb00012d0/00f0: 36 04 c0 a8 38 64 35 01-02 01 04 ff ff ff 00 33 6...8d5........3
00:00:04.789594 0000746eb00012e0/0100: 04 00 00 02 58 ff 00 00-00 00 00 00 00 00 00 00 ....X...........
00:00:04.789597 0000746eb00012f0/0110: 00 00 00 00 00 00 00 00-00 00 00 00 00 00 00 00 ................
00:00:04.789599 0000746eb0001300/0120: 00 00 00 00 00 00 00 00-00 00 00 00 00 00 00 00 ................
00:00:04.789601 0000746eb0001310/0130: 00 00 00 00 00 00 00 00-00 00 00 00 00 00 00 00 ................
00:00:04.789606 0000746eb0001320/0140: 00 00 00 00 00 00 00 00-00 00 00 00 00 00 00 00 ................
00:00:04.789608 0000746eb0001330/0150: 00 00 00 00 00 00 00 00-00 00 00 00 00 00 00 00 ................
00:00:04.789610 0000746eb0001340/0160: 00 00 00 00 00 00 00 00-00 00 00 00 00 00 00 00 ................
00:00:04.789612 0000746eb0001350/0170: 00 00 00 00 00 00 00 00-00 00 00 00 00 00 00 00 ................
00:00:04.789614 0000746eb0001360/0180: 00 00 00 00 00 00 00 00-00 00 00 00 00 00 00 00 ................
00:00:04.789616 0000746eb0001370/0190: 00 00 00 00 00 00 00 00-00 00 00 00 00 00 00 00 ................
00:00:04.789617 0000746eb0001380/01a0: 00 00 00 00 00 00 00 00-00 00 00 00 00 00 00 00 ................
00:00:04.789619 0000746eb0001390/01b0: 00 00 00 00 00 00 00 00-00 00 00 00 00 00 00 00 ................
00:00:04.789621 0000746eb00013a0/01c0: 00 00 00 00 00 00 00 00-00 00 00 00 00 00 00 00 ................
00:00:04.789623 0000746eb00013b0/01d0: 00 00 00 00 00 00 00 00-00 00 00 00 00 00 00 00 ................
00:00:04.789625 0000746eb00013c0/01e0: 00 00 00 00 00 00 00 00-00 00 00 00 00 00 00 00 ................
00:00:04.789626 0000746eb00013d0/01f0: 00 00 00 00 00 00 00 00-00 00 00 00 00 00 00 00 ................
00:00:04.789628 0000746eb00013e0/0200: 00 00 00 00 00 00 00 00-00 00 00 00 00 00 00 00 ................
00:00:04.789630 0000746eb00013f0/0210: 00 00 00 00 00 00 00 00-00 00 00 00 00 00 00 00 ................
00:00:04.789632 0000746eb0001400/0220: 00 00 00 00                                     ....
00:00:04.790024 REQUEST xid 0x0000069f chaddr 08:00:27:5c:92:e4
00:00:04.790038  ciaddr 0.0.0.0
00:00:04.790041  for server 192.168.56.100 requested address 192.168.56.101
00:00:04.790045  params { 1 3 6 28 }
00:00:04.790051   54: c0 a8 38 64
00:00:04.790054 > allocateAddress 192.168.56.101 to client 08:00:27:5c:92:e4
00:00:04.790057 > ... found existing binding 192.168.56.101 to 08:00:27:5c:92:e4, acked, valid from 2024-04-02T03:05:06Z for 600s until 2024-04-02T03:15:06Z
00:00:04.790062 Lease time 600 secs (default)
00:00:04.790063 writing leases to /home/ash/.config/VirtualBox/HostInterfaceNetworking-vboxnet0-Dhcpd.leases
00:00:04.791607 >>> requested option 1 (SubnetMask)
00:00:04.791610 ... always supplied
00:00:04.791612 >>> requested option 3 (Routers)
00:00:04.791613 ... not found
00:00:04.791614 >>> requested option 6 (DNSes)
00:00:04.791615 ... not found
00:00:04.791617 >>> requested option 28 (BroadcastAddress)
00:00:04.791618 ... not found
00:00:04.791620 encoding option 1 (SubnetMask)
00:00:04.791621 encoding option 51 (LeaseTime)
00:00:04.791623 ACK xid 0x0000069f chaddr 08:00:27:5c:92:e4
00:00:04.791627  ciaddr 0.0.0.0 yiaddr 192.168.56.101
00:00:04.791632 encoded message: 548 bytes
00:00:04.791633 0000746eb00011e0/0000: 02 01 06 00 9f 06 00 00-00 00 00 00 00 00 00 00 ................
00:00:04.791634 0000746eb00011f0/0010: c0 a8 38 65 00 00 00 00-00 00 00 00 08 00 27 5c ..8e..........'\
00:00:04.791636 0000746eb0001200/0020: 92 e4 00 00 00 00 00 00-00 00 00 00 00 00 00 00 ................
00:00:04.791637 0000746eb0001210/0030: 00 00 00 00 00 00 00 00-00 00 00 00 00 00 00 00 ................
00:00:04.791638 0000746eb0001220/0040: 00 00 00 00 00 00 00 00-00 00 00 00 00 00 00 00 ................
00:00:04.791639 0000746eb0001230/0050: 00 00 00 00 00 00 00 00-00 00 00 00 00 00 00 00 ................
00:00:04.791640 0000746eb0001240/0060: 00 00 00 00 00 00 00 00-00 00 00 00 00 00 00 00 ................
00:00:04.791641 0000746eb0001250/0070: 00 00 00 00 00 00 00 00-00 00 00 00 00 00 00 00 ................
00:00:04.791642 0000746eb0001260/0080: 00 00 00 00 00 00 00 00-00 00 00 00 00 00 00 00 ................
00:00:04.791643 0000746eb0001270/0090: 00 00 00 00 00 00 00 00-00 00 00 00 00 00 00 00 ................
00:00:04.791644 0000746eb0001280/00a0: 00 00 00 00 00 00 00 00-00 00 00 00 00 00 00 00 ................
00:00:04.791645 0000746eb0001290/00b0: 00 00 00 00 00 00 00 00-00 00 00 00 00 00 00 00 ................
00:00:04.791647 0000746eb00012a0/00c0: 00 00 00 00 00 00 00 00-00 00 00 00 00 00 00 00 ................
00:00:04.791648 0000746eb00012b0/00d0: 00 00 00 00 00 00 00 00-00 00 00 00 00 00 00 00 ................
00:00:04.791649 0000746eb00012c0/00e0: 00 00 00 00 00 00 00 00-00 00 00 00 63 82 53 63 ............c.Sc
00:00:04.791650 0000746eb00012d0/00f0: 36 04 c0 a8 38 64 35 01-05 01 04 ff ff ff 00 33 6...8d5........3
00:00:04.791651 0000746eb00012e0/0100: 04 00 00 02 58 ff 00 00-00 00 00 00 00 00 00 00 ....X...........
00:00:04.791652 0000746eb00012f0/0110: 00 00 00 00 00 00 00 00-00 00 00 00 00 00 00 00 ................
00:00:04.791653 0000746eb0001300/0120: 00 00 00 00 00 00 00 00-00 00 00 00 00 00 00 00 ................
00:00:04.791654 0000746eb0001310/0130: 00 00 00 00 00 00 00 00-00 00 00 00 00 00 00 00 ................
00:00:04.791655 0000746eb0001320/0140: 00 00 00 00 00 00 00 00-00 00 00 00 00 00 00 00 ................
00:00:04.791656 0000746eb0001330/0150: 00 00 00 00 00 00 00 00-00 00 00 00 00 00 00 00 ................
00:00:04.791657 0000746eb0001340/0160: 00 00 00 00 00 00 00 00-00 00 00 00 00 00 00 00 ................
00:00:04.791659 0000746eb0001350/0170: 00 00 00 00 00 00 00 00-00 00 00 00 00 00 00 00 ................
00:00:04.791660 0000746eb0001360/0180: 00 00 00 00 00 00 00 00-00 00 00 00 00 00 00 00 ................
00:00:04.791661 0000746eb0001370/0190: 00 00 00 00 00 00 00 00-00 00 00 00 00 00 00 00 ................
00:00:04.791662 0000746eb0001380/01a0: 00 00 00 00 00 00 00 00-00 00 00 00 00 00 00 00 ................
00:00:04.791663 0000746eb0001390/01b0: 00 00 00 00 00 00 00 00-00 00 00 00 00 00 00 00 ................
00:00:04.791664 0000746eb00013a0/01c0: 00 00 00 00 00 00 00 00-00 00 00 00 00 00 00 00 ................
00:00:04.791665 0000746eb00013b0/01d0: 00 00 00 00 00 00 00 00-00 00 00 00 00 00 00 00 ................
00:00:04.791666 0000746eb00013c0/01e0: 00 00 00 00 00 00 00 00-00 00 00 00 00 00 00 00 ................
00:00:04.791667 0000746eb00013d0/01f0: 00 00 00 00 00 00 00 00-00 00 00 00 00 00 00 00 ................
00:00:04.791668 0000746eb00013e0/0200: 00 00 00 00 00 00 00 00-00 00 00 00 00 00 00 00 ................
00:00:04.791669 0000746eb00013f0/0210: 00 00 00 00 00 00 00 00-00 00 00 00 00 00 00 00 ................
00:00:04.791670 0000746eb0001400/0220: 00 00 00 00                                     ....
