00:00:00.000459 main     VirtualBox XPCOM Server 7.0.18 r162988 linux.amd64 (May  3 2024 17:29:05) release log
00:00:00.000462 main     Log opened 2024-05-14T08:05:41.105821000Z
00:00:00.000463 main     Build Type: release
00:00:00.000466 main     OS Product: Linux
00:00:00.000467 main     OS Release: 6.8.9-arch1-1
00:00:00.000468 main     OS Version: #1 SMP PREEMPT_DYNAMIC Thu, 02 May 2024 17:49:46 +0000
00:00:00.000499 main     DMI Product Name: Zenbook UM5401QAB_UM5401QA
00:00:00.000518 main     DMI Product Version: 1.0       
00:00:00.000526 main     Firmware type: UEFI
00:00:00.001102 main     Secure Boot: Disabled
00:00:00.001173 main     Host RAM: 15391MB (15.0GB) total, 13188MB (12.8GB) available
00:00:00.001177 main     Executable: /usr/lib/virtualbox/VBoxSVC
00:00:00.001178 main     Process ID: 5332
00:00:00.001179 main     Package type: LINUX_64BITS_GENERIC (OSE)
00:00:00.002671 main     IPC socket path: /tmp/.vbox-ash-ipc/ipcd
00:00:00.111216 nspr-2   VirtualBox: object creation starts
00:00:00.111475 nspr-2   Home directory: '/home/ash/.config/VirtualBox'
00:00:00.117112 nspr-2   Loading settings file "/home/ash/.config/VirtualBox/VirtualBox.xml" with version "1.12-linux"
00:00:00.134281 nspr-2   NetIfAdpCtlOut: VBoxNetAdpCtl: Error while retrieving link speed for wlp2s0: VBoxNetAdpCtl: ioctl failed: Operation not supported
00:00:00.147845 nspr-2   NetIfAdpCtlOut: VBoxNetAdpCtl: Error while retrieving link status for ipv6leakintrf0: VBoxNetAdpCtl: ioctl failed: Operation not supported
00:00:00.149547 nspr-2   HostDnsMonitor: initializing
00:00:00.149939 nspr-2   NAT: resolv.conf: nameserver 192.168.29.1
00:00:00.149957 nspr-2   NAT: resolv.conf: nameserver 2405:201:a00b:e084::c0a8:1d01
00:00:00.149998 nspr-2   HostDnsMonitor: updating information
00:00:00.150033 nspr-2   HostDnsMonitor: old information
00:00:00.150037 nspr-2     no server entries
00:00:00.150042 nspr-2     no domain set
00:00:00.150046 nspr-2     no search string entries
00:00:00.150051 nspr-2   HostDnsMonitor: new information
00:00:00.150055 nspr-2     server 1: 192.168.29.1
00:00:00.150061 nspr-2     server 2: 2405:201:a00b:e084::c0a8:1d01
00:00:00.150066 nspr-2     no domain set
00:00:00.150070 nspr-2     no search string entries
00:00:00.153674 nspr-2   Failed to open "/dev/vboxdrvu", errno=2, rc=VERR_VM_DRIVER_NOT_INSTALLED
00:00:00.169130 nspr-2   failed to create vboxnet0, error (VERR_GENERAL_FAILURE)
00:00:00.169379 nspr-2   VD: VDInit finished with VINF_SUCCESS
00:00:00.169500 nspr-2   ERROR [COM]: aRC=NS_ERROR_FAILURE (0x80004005) aIID={aac6c7cb-a371-4c58-ab51-0616896b2f2c} aComponent={SystemPropertiesWrap} aText={Cannot determine default Guest Additions ISO location. Most likely they are not available}, preserve=false aResultDetail=0
00:00:00.170682 nspr-2   ERROR [COM]: aRC=NS_ERROR_FAILURE (0x80004005) aIID={300763af-5d6b-46e6-aa96-273eac15538a} aComponent={MachineWrap} aText={Runtime error opening '/home/ash/.Genymobile/Genymotion/deployed/Google Pixel C_1/Google Pixel C_1.vbox' for reading VERR_FILE_NOT_FOUND (File not found.).
00:00:00.170689 nspr-2   /build/virtualbox/src/VirtualBox-7.0.18/src/VBox/Main/src-server/MachineImpl.cpp[1011] (nsresult Machine::i_registeredInit())}, preserve=false aResultDetail=0
00:00:00.171642 nspr-2   VirtualBox: object created
00:00:01.024067 nspr-3   ERROR [COM]: aRC=NS_ERROR_FAILURE (0x80004005) aIID={300763af-5d6b-46e6-aa96-273eac15538a} aComponent={MachineWrap} aText={Runtime error opening '/home/ash/.Genymobile/Genymotion/deployed/Google Pixel C_1/Google Pixel C_1.vbox' for reading VERR_FILE_NOT_FOUND (File not found.).
00:00:01.024077 nspr-3   /build/virtualbox/src/VirtualBox-7.0.18/src/VBox/Main/src-server/MachineImpl.cpp[1011] (nsresult Machine::i_registeredInit())}, preserve=false aResultDetail=0
00:00:01.025305 nspr-3   ERROR [COM]: aRC=NS_ERROR_FAILURE (0x80004005) aIID={300763af-5d6b-46e6-aa96-273eac15538a} aComponent={MachineWrap} aText={Runtime error opening '/home/ash/.Genymobile/Genymotion/deployed/Google Pixel C_1/Google Pixel C_1.vbox' for reading VERR_FILE_NOT_FOUND (File not found.).
00:00:01.025311 nspr-3   /build/virtualbox/src/VirtualBox-7.0.18/src/VBox/Main/src-server/MachineImpl.cpp[1011] (nsresult Machine::i_registeredInit())}, preserve=false aResultDetail=0
00:00:01.027191 nspr-3   ERROR [COM]: aRC=NS_ERROR_FAILURE (0x80004005) aIID={300763af-5d6b-46e6-aa96-273eac15538a} aComponent={MachineWrap} aText={Runtime error opening '/home/ash/.Genymobile/Genymotion/deployed/Google Pixel C_1/Google Pixel C_1.vbox' for reading VERR_FILE_NOT_FOUND (File not found.).
00:00:01.027197 nspr-3   /build/virtualbox/src/VirtualBox-7.0.18/src/VBox/Main/src-server/MachineImpl.cpp[1011] (nsresult Machine::i_registeredInit())}, preserve=false aResultDetail=0
00:00:01.045601 nspr-3   Saving settings file "/home/ash/.config/VirtualBox/VirtualBox.xml" with version "1.12-linux"
00:00:01.048045 nspr-3   Finished saving settings file "/home/ash/.config/VirtualBox/VirtualBox.xml"
00:00:01.106998 nspr-4   Saving settings file "/home/ash/.config/VirtualBox/VirtualBox.xml" with version "1.12-linux"
00:00:01.109269 nspr-4   Finished saving settings file "/home/ash/.config/VirtualBox/VirtualBox.xml"
00:00:01.172758 nspr-3   WARNING [COM]: aRC=NS_ERROR_FAILURE (0x80004005) aIID={e54f6256-97a7-4947-8a78-10c013ddf4b8} aComponent={HostWrap} aText={Could not load the Host USB Proxy service: VERR_NOT_FOUND}, preserve=false aResultDetail=0
00:00:02.173176 nspr-2   Saving settings file "/home/ash/.config/VirtualBox/VirtualBox.xml" with version "1.12-linux"
00:00:02.181311 nspr-2   Finished saving settings file "/home/ash/.config/VirtualBox/VirtualBox.xml"
00:00:07.143120 nspr-3   Saving settings file "/home/ash/.config/VirtualBox/VirtualBox.xml" with version "1.12-linux"
00:00:07.150870 nspr-3   Finished saving settings file "/home/ash/.config/VirtualBox/VirtualBox.xml"
00:00:07.453483 nspr-4   ERROR [COM]: aRC=E_ACCESSDENIED (0x80070005) aIID={300763af-5d6b-46e6-aa96-273eac15538a} aComponent={MachineWrap} aText={The object functionality is limited}, preserve=false aResultDetail=0
00:00:07.466157 nspr-4   ERROR [COM]: aRC=NS_ERROR_FAILURE (0x80004005) aIID={300763af-5d6b-46e6-aa96-273eac15538a} aComponent={MachineWrap} aText={Runtime error opening '/home/ash/.Genymobile/Genymotion/deployed/Google Pixel C_1/Google Pixel C_1.vbox' for reading VERR_FILE_NOT_FOUND (File not found.).
00:00:07.466179 nspr-4   /build/virtualbox/src/VirtualBox-7.0.18/src/VBox/Main/src-server/MachineImpl.cpp[1011] (nsresult Machine::i_registeredInit())}, preserve=false aResultDetail=0
00:00:07.469688 nspr-4   ERROR [COM]: aRC=NS_ERROR_FAILURE (0x80004005) aIID={300763af-5d6b-46e6-aa96-273eac15538a} aComponent={MachineWrap} aText={Runtime error opening '/home/ash/.Genymobile/Genymotion/deployed/Google Pixel C_1/Google Pixel C_1.vbox' for reading VERR_FILE_NOT_FOUND (File not found.).
00:00:07.469696 nspr-4   /build/virtualbox/src/VirtualBox-7.0.18/src/VBox/Main/src-server/MachineImpl.cpp[1011] (nsresult Machine::i_registeredInit())}, preserve=false aResultDetail=0
00:00:07.598875 nspr-4   ERROR [COM]: aRC=NS_ERROR_FAILURE (0x80004005) aIID={300763af-5d6b-46e6-aa96-273eac15538a} aComponent={MachineWrap} aText={Runtime error opening '/home/ash/.Genymobile/Genymotion/deployed/Google Pixel C_1/Google Pixel C_1.vbox' for reading VERR_FILE_NOT_FOUND (File not found.).
00:00:07.598890 nspr-4   /build/virtualbox/src/VirtualBox-7.0.18/src/VBox/Main/src-server/MachineImpl.cpp[1011] (nsresult Machine::i_registeredInit())}, preserve=false aResultDetail=0
00:00:07.599386 nspr-4   ERROR [COM]: aRC=E_ACCESSDENIED (0x80070005) aIID={300763af-5d6b-46e6-aa96-273eac15538a} aComponent={MachineWrap} aText={The object functionality is limited}, preserve=false aResultDetail=0
00:00:07.601866 nspr-4   ERROR [COM]: aRC=E_ACCESSDENIED (0x80070005) aIID={300763af-5d6b-46e6-aa96-273eac15538a} aComponent={MachineWrap} aText={The object functionality is limited}, preserve=false aResultDetail=0
00:00:07.604184 nspr-4   ERROR [COM]: aRC=E_ACCESSDENIED (0x80070005) aIID={300763af-5d6b-46e6-aa96-273eac15538a} aComponent={MachineWrap} aText={The object functionality is limited}, preserve=false aResultDetail=0
00:00:07.606343 nspr-4   ERROR [COM]: aRC=E_ACCESSDENIED (0x80070005) aIID={300763af-5d6b-46e6-aa96-273eac15538a} aComponent={MachineWrap} aText={The object functionality is limited}, preserve=false aResultDetail=0
00:00:07.610975 nspr-4   ERROR [COM]: aRC=NS_ERROR_FAILURE (0x80004005) aIID={300763af-5d6b-46e6-aa96-273eac15538a} aComponent={MachineWrap} aText={Runtime error opening '/home/ash/.Genymobile/Genymotion/deployed/Google Pixel C_1/Google Pixel C_1.vbox' for reading VERR_FILE_NOT_FOUND (File not found.).
00:00:07.610982 nspr-4   /build/virtualbox/src/VirtualBox-7.0.18/src/VBox/Main/src-server/MachineImpl.cpp[1011] (nsresult Machine::i_registeredInit())}, preserve=false aResultDetail=0
00:00:07.615120 nspr-4   ERROR [COM]: aRC=NS_ERROR_FAILURE (0x80004005) aIID={300763af-5d6b-46e6-aa96-273eac15538a} aComponent={MachineWrap} aText={Runtime error opening '/home/ash/.Genymobile/Genymotion/deployed/Google Pixel C_1/Google Pixel C_1.vbox' for reading VERR_FILE_NOT_FOUND (File not found.).
00:00:07.615126 nspr-4   /build/virtualbox/src/VirtualBox-7.0.18/src/VBox/Main/src-server/MachineImpl.cpp[1011] (nsresult Machine::i_registeredInit())}, preserve=false aResultDetail=0
00:00:07.617230 nspr-4   ERROR [COM]: aRC=NS_ERROR_FAILURE (0x80004005) aIID={300763af-5d6b-46e6-aa96-273eac15538a} aComponent={MachineWrap} aText={Runtime error opening '/home/ash/.Genymobile/Genymotion/deployed/Google Pixel C_1/Google Pixel C_1.vbox' for reading VERR_FILE_NOT_FOUND (File not found.).
00:00:07.617235 nspr-4   /build/virtualbox/src/VirtualBox-7.0.18/src/VBox/Main/src-server/MachineImpl.cpp[1011] (nsresult Machine::i_registeredInit())}, preserve=false aResultDetail=0
00:00:07.619363 nspr-4   ERROR [COM]: aRC=NS_ERROR_FAILURE (0x80004005) aIID={300763af-5d6b-46e6-aa96-273eac15538a} aComponent={MachineWrap} aText={Runtime error opening '/home/ash/.Genymobile/Genymotion/deployed/Google Pixel C_1/Google Pixel C_1.vbox' for reading VERR_FILE_NOT_FOUND (File not found.).
00:00:07.619368 nspr-4   /build/virtualbox/src/VirtualBox-7.0.18/src/VBox/Main/src-server/MachineImpl.cpp[1011] (nsresult Machine::i_registeredInit())}, preserve=false aResultDetail=0
00:00:07.623858 nspr-4   ERROR [COM]: aRC=NS_ERROR_FAILURE (0x80004005) aIID={300763af-5d6b-46e6-aa96-273eac15538a} aComponent={MachineWrap} aText={Runtime error opening '/home/ash/.Genymobile/Genymotion/deployed/Google Pixel C_1/Google Pixel C_1.vbox' for reading VERR_FILE_NOT_FOUND (File not found.).
00:00:07.623863 nspr-4   /build/virtualbox/src/VirtualBox-7.0.18/src/VBox/Main/src-server/MachineImpl.cpp[1011] (nsresult Machine::i_registeredInit())}, preserve=false aResultDetail=0
00:00:07.627257 nspr-4   ERROR [COM]: aRC=NS_ERROR_FAILURE (0x80004005) aIID={300763af-5d6b-46e6-aa96-273eac15538a} aComponent={MachineWrap} aText={Runtime error opening '/home/ash/.Genymobile/Genymotion/deployed/Google Pixel C_1/Google Pixel C_1.vbox' for reading VERR_FILE_NOT_FOUND (File not found.).
00:00:07.627262 nspr-4   /build/virtualbox/src/VirtualBox-7.0.18/src/VBox/Main/src-server/MachineImpl.cpp[1011] (nsresult Machine::i_registeredInit())}, preserve=false aResultDetail=0
00:00:13.135305 nspr-3   ERROR [COM]: aRC=NS_ERROR_FAILURE (0x80004005) aIID={300763af-5d6b-46e6-aa96-273eac15538a} aComponent={MachineWrap} aText={Runtime error opening '/home/ash/.Genymobile/Genymotion/deployed/Google Pixel C_1/Google Pixel C_1.vbox' for reading VERR_FILE_NOT_FOUND (File not found.).
00:00:13.135318 nspr-3   /build/virtualbox/src/VirtualBox-7.0.18/src/VBox/Main/src-server/MachineImpl.cpp[1011] (nsresult Machine::i_registeredInit())}, preserve=false aResultDetail=0
00:00:14.320374 nspr-4   Saving settings file "/home/ash/.config/VirtualBox/VirtualBox.xml" with version "1.12-linux"
00:00:14.328533 nspr-4   Finished saving settings file "/home/ash/.config/VirtualBox/VirtualBox.xml"
00:00:14.337414 nspr-3   Saving settings file "/home/ash/.config/VirtualBox/VirtualBox.xml" with version "1.12-linux"
00:00:14.341270 nspr-3   Finished saving settings file "/home/ash/.config/VirtualBox/VirtualBox.xml"
