1712784354,33,Dune.2021.1080p.BluRay.x265-RARBG,/home/ash/Downloads/Dune.2021.1080p.BluRay.x265.mp4,99
1712784510,33,Dune.2021.1080p.BluRay.x265-RARBG,/home/ash/Downloads/Dune.2021.1080p.BluRay.x265.mp4,99
1712784772,33,Dune.2021.1080p.BluRay.x265-RARBG,/home/ash/Downloads/Dune.2021.1080p.BluRay.x265.mp4,99
1712809442,33,Dune.2021.1080p.BluRay.x265-RARBG,/home/ash/Downloads/Dune.2021.1080p.BluRay.x265.mp4,99
1712822094,,,/home/ash/2024-04-11 13-24-42.mp4,46
1712822171,,,/home/ash/2024-04-11 13-26-05.mp4,46
1712822337,,,/home/ash/2024-04-11 13-27-35.mp4,46
1712850875,33,Dune.2021.1080p.BluRay.x265-RARBG,/home/ash/Downloads/Dune.2021.1080p.BluRay.x265.mp4,99
1712897814,33,Dune.2021.1080p.BluRay.x265-RARBG,/home/ash/Downloads/Dune.2021.1080p.BluRay.x265.mp4,99
1712911409,,,/home/ash/Downloads/Dune Part Two  (2024).mp4,58
1712936279,,,/home/ash/Downloads/Dune Part Two  (2024).mp4,58
1712981396,,,/home/ash/Downloads/Dune Part Two  (2024).mp4,58
1712983123,,,/home/ash/Downloads/Dune Part Two  (2024).mp4,58
1712983125,,,/home/ash/Downloads/Dune Part Two  (2024).mp4,58
1713297727,,,/home/ash/Mad.Max.Fury.Road.2015.1080p.BluRay.x264.YIFY.mp4,72
1713297866,,,/home/ash/Downloads/Mad.Max.Fury.Road.2015.1080p.BluRay.x264.YIFY.mp4,82
1713297959,,,/home/ash/Downloads/Mad.Max.Fury.Road.2015.1080p.BluRay.x264.YIFY.mp4,82
1713429316,75,We Are The Millers - Extended Edition Comedy 2013 Eng Subs 1080p [H264-mp4],/home/ash/We Are The Millers - Extended Edition Comedy 2013 Eng Subs 1080p [H264-mp4].mp4,179
1713472329,75,We Are The Millers - Extended Edition Comedy 2013 Eng Subs 1080p [H264-mp4],/home/ash/We Are The Millers - Extended Edition Comedy 2013 Eng Subs 1080p [H264-mp4].mp4,179
1713515681,75,We Are The Millers - Extended Edition Comedy 2013 Eng Subs 1080p [H264-mp4],/home/ash/We Are The Millers - Extended Edition Comedy 2013 Eng Subs 1080p [H264-mp4].mp4,179
1713600869,64,GalaxyTV - The.Queens.Gambit.S01E05.720p.NF.WEBRip.x264-GalaxyTV,/home/ash/Downloads/Queen's Gambit/The.Queens.Gambit.S01E05.720p.NF.WEBRip.x264-GalaxyTV.mkv,171
1713600897,64,GalaxyTV - The.Queens.Gambit.S01E04.720p.NF.WEBRip.x264-GalaxyTV,/home/ash/Downloads/Queen's Gambit/The.Queens.Gambit.S01E04.720p.NF.WEBRip.x264-GalaxyTV.mkv,171
1713600929,64,GalaxyTV - The.Queens.Gambit.S01E05.720p.NF.WEBRip.x264-GalaxyTV,/home/ash/Downloads/Queen's Gambit/The.Queens.Gambit.S01E05.720p.NF.WEBRip.x264-GalaxyTV.mkv,171
1713600937,64,GalaxyTV - The.Queens.Gambit.S01E05.720p.NF.WEBRip.x264-GalaxyTV,/home/ash/Downloads/Queen's Gambit/The.Queens.Gambit.S01E05.720p.NF.WEBRip.x264-GalaxyTV.mkv,171
1713629160,64,GalaxyTV - The.Queens.Gambit.S01E06.720p.NF.WEBRip.x264-GalaxyTV,/home/ash/Downloads/Queen's Gambit/The.Queens.Gambit.S01E06.720p.NF.WEBRip.x264-GalaxyTV.mkv,171
1713710574,64,GalaxyTV - The.Queens.Gambit.S01E06.720p.NF.WEBRip.x264-GalaxyTV,/home/ash/Downloads/Queen's Gambit/The.Queens.Gambit.S01E06.720p.NF.WEBRip.x264-GalaxyTV.mkv,171
1713724839,64,GalaxyTV - The.Queens.Gambit.S01E06.720p.NF.WEBRip.x264-GalaxyTV,/home/ash/Downloads/Queen's Gambit/The.Queens.Gambit.S01E06.720p.NF.WEBRip.x264-GalaxyTV.mkv,171
1713725223,64,GalaxyTV - The.Queens.Gambit.S01E07.720p.NF.WEBRip.x264-GalaxyTV,/home/ash/Downloads/Queen's Gambit/The.Queens.Gambit.S01E07.720p.NF.WEBRip.x264-GalaxyTV.mkv,171
1713730879,,,/home/ash/Downloads/Reservoir Dogs.1992.BluRay.1080p.x264.YIFY.mp4,79
1713940480,,,/home/ash/Downloads/Once.Upon.A.TimeIn.Hollywood.2019.1080p.BluRay.x264-[YTS.LT].mp4,97
1714066644,,,/home/ash/Downloads/Once.Upon.A.TimeIn.Hollywood.2019.1080p.BluRay.x264-[YTS.LT].mp4,97
1714117901,,,/home/ash/Downloads/Once.Upon.A.TimeIn.Hollywood.2019.1080p.BluRay.x264-[YTS.LT].mp4,97
1714248846,,,/home/ash/Downloads/Once.Upon.A.TimeIn.Hollywood.2019.1080p.BluRay.x264-[YTS.LT].mp4,97
1714396589,,,/home/ash/Downloads/Dune Part Two  (2024).mp4,58
1714398217,,,/home/ash/Downloads/The Fanimatrix_Run Program (2003) (DivX-5.1-HQ).avi [88]/The-Fanimatrix-(DivX-5.1-HQ).avi,122
1714401105,,,/home/ash/The-Fanimatrix-(DivX-5.1-HQ).avi?st=blV2fEyoI3Yy6eWXU9JsaA&e=1714484992,94
1714401135,,,/home/ash/Documents/Coding/Python/The-Fanimatrix-(DivX-5.1-HQ).avi?st=gal7_83vP6XXBweFnKjP2g&e=1714487419,118
1714572103,,,/home/ash/Downloads/Solaris.1972.720p.BrRip.EN-SUB.x264-[MULVAcoded].mkv,85
1714573311,,,/home/ash/Downloads/Ferris.Buellers.Day.Off.1986.1080p.BluRay.x264.YIFY.mp4,88
1714656336,,,/home/ash/Downloads/Ferris.Buellers.Day.Off.1986.1080p.BluRay.x264.YIFY.mp4,88
1714681496,,,/home/ash/Downloads/Ferris.Buellers.Day.Off.1986.1080p.BluRay.x264.YIFY.mp4,88
1714854694,,,/home/ash/Downloads/21.Jump.Street.2012.1080p.BluRay.x264.YIFY.mp4,79
1714854793,,,/home/ash/Downloads/21.Jump.Street.2012.1080p.BluRay.x264.YIFY.mp4,79
1714854897,,,/home/ash/Downloads/21.Jump.Street.2012.1080p.BluRay.x264.YIFY.mp4,79
1716153581,,,http://127.0.0.1:11470/9f71680a56278c28eefe3800b798200962881539/shogun.2024.s01e01.1080p.web.h264-successfulcrab.mkv,129
1717184076,,,/home/ash/Downloads/Tame Impala - Lost In Yesterday.ogg,68
1718606593,,,http://127.0.0.1:11470/c1941a69ef6c7962aa0bb41c061eeb39636ecc35/The.Last.of.Us.S01E01.1080p.HEVC.x265-MeGusta%5Beztv.re%5D.mkv,139
1718606826,,,http://127.0.0.1:11470/c1941a69ef6c7962aa0bb41c061eeb39636ecc35/The.Last.of.Us.S01E01.1080p.HEVC.x265-MeGusta%5Beztv.re%5D.mkv,139
1718639778,,,http://127.0.0.1:11470/5f692874dd894fe7956a8ddd6f6cdce56b231989/The.Last.of.Us.S01E02.1080p.HEVC.x265-MeGusta%5Beztv.re%5D.mkv,139
1718650951,,,http://127.0.0.1:11470/9075b6d6c8d1d18de8b65fdc4e2bf9af7bec8cd8/The%20Last%20Of%20Us%20S01E03.mp4,110
1718653212,,,http://127.0.0.1:11470/9075b6d6c8d1d18de8b65fdc4e2bf9af7bec8cd8/The%20Last%20Of%20Us%20S01E03.mp4,110
1718659940,,,http://127.0.0.1:11470/9075b6d6c8d1d18de8b65fdc4e2bf9af7bec8cd8/The%20Last%20Of%20Us%20S01E05.mp4,110
1718661720,,,http://127.0.0.1:11470/9075b6d6c8d1d18de8b65fdc4e2bf9af7bec8cd8/The%20Last%20Of%20Us%20S01E05.mp4,110
1718663896,,,http://127.0.0.1:11470/9075b6d6c8d1d18de8b65fdc4e2bf9af7bec8cd8/The%20Last%20Of%20Us%20S01E06.mp4,110
1718666451,,,http://127.0.0.1:11470/9075b6d6c8d1d18de8b65fdc4e2bf9af7bec8cd8/The%20Last%20Of%20Us%20S01E06.mp4,110
